<?xml version="1.0" encoding="UTF-8"?>
<testsuite name="PrimeCalculatorTest" tests="5" skipped="0" failures="0" errors="0" timestamp="2024-04-15T13:47:58" hostname="LAPTOP-BHAVIKA" time="0.632">
  <properties/>
  <testcase name="testUndefinedPrime()" classname="PrimeCalculatorTest" time="0.138"/>
  <testcase name="testSixthPrime()" classname="PrimeCalculatorTest" time="0.007"/>
  <testcase name="testFirstPrime()" classname="PrimeCalculatorTest" time="0.003"/>
  <testcase name="testSecondPrime()" classname="PrimeCalculatorTest" time="0.001"/>
  <testcase name="testBigPrime()" classname="PrimeCalculatorTest" time="0.474"/>
  <system-out><![CDATA[]]></system-out>
  <system-err><![CDATA[]]></system-err>
</testsuite>
