<?xml version="1.0" encoding="UTF-8"?>
<testsuite name="SimpleLinkedListTest" tests="7" skipped="3" failures="0" errors="0" timestamp="2024-04-15T13:01:53" hostname="LAPTOP-BHAVIKA" time="0.253">
  <properties/>
  <testcase name="canReturnListAsArray()" classname="SimpleLinkedListTest" time="0.001">
    <skipped/>
  </testcase>
  <testcase name="reverseReversesList()" classname="SimpleLinkedListTest" time="0.001">
    <skipped/>
  </testcase>
  <testcase name="canCreateFromArray()" classname="SimpleLinkedListTest" time="0.224"/>
  <testcase name="canReturnEmptyListAsEmptyArray()" classname="SimpleLinkedListTest" time="0.0">
    <skipped/>
  </testcase>
  <testcase name="popOnEmptyListWillThrow()" classname="SimpleLinkedListTest" time="0.008"/>
  <testcase name="popReturnsLastAddedElement()" classname="SimpleLinkedListTest" time="0.002"/>
  <testcase name="aNewListIsEmpty()" classname="SimpleLinkedListTest" time="0.001"/>
  <system-out><![CDATA[]]></system-out>
  <system-err><![CDATA[]]></system-err>
</testsuite>
